<?xml version="1.0" encoding="UTF-8" ?>
<testsuite errors="0" failures="1" hostname="ialohaaha-Aspire-5750G" name="team08.DataSignInTests" tests="1" time="0.096" timestamp="2013-03-14T16:27:17">
  <properties />
  <testcase classname="team08.DataSignInTests" name="testSomething" time="0.096">
    <failure message="junit.framework.AssertionFailedError: Implement me" type="junit.framework.AssertionFailedError">junit.framework.AssertionFailedError: junit.framework.AssertionFailedError: Implement me
	at team08.DataSignInTests.testSomething(DataSignInTests.groovy:15)
</failure>
  </testcase>
  <system-out><![CDATA[--Output from testSomething--
]]></system-out>
  <system-err><![CDATA[--Output from testSomething--
]]></system-err>
</testsuite>
