<?xml version="1.0" encoding="UTF-8" ?>
<testsuite errors="0" failures="1" hostname="ialohaaha-Aspire-5750G" name="team08.RoomTests" tests="1" time="0.243" timestamp="2013-03-14T16:27:17">
  <properties />
  <testcase classname="team08.RoomTests" name="testSomething" time="0.241">
    <failure message="junit.framework.AssertionFailedError: Implement me" type="junit.framework.AssertionFailedError">junit.framework.AssertionFailedError: junit.framework.AssertionFailedError: Implement me
	at team08.RoomTests.testSomething(RoomTests.groovy:15)
</failure>
  </testcase>
  <system-out><![CDATA[--Output from testSomething--
]]></system-out>
  <system-err><![CDATA[--Output from testSomething--
]]></system-err>
</testsuite>
