<?xml version="1.0" encoding="UTF-8" ?>
<testsuite errors="0" failures="1" hostname="ialohaaha-Aspire-5750G" name="team08.MakeEventTests" tests="1" time="0.759" timestamp="2013-03-14T16:27:15">
  <properties />
  <testcase classname="team08.MakeEventTests" name="testSomething" time="0.756">
    <failure message="junit.framework.AssertionFailedError: Implement me" type="junit.framework.AssertionFailedError">junit.framework.AssertionFailedError: junit.framework.AssertionFailedError: Implement me
	at team08.MakeEventTests.testSomething(MakeEventTests.groovy:15)
</failure>
  </testcase>
  <system-out><![CDATA[--Output from testSomething--
]]></system-out>
  <system-err><![CDATA[--Output from testSomething--
]]></system-err>
</testsuite>
