<?xml version="1.0" encoding="UTF-8" ?>
<testsuite errors="0" failures="1" hostname="ialohaaha-Aspire-5750G" name="team08.EmployeeTests" tests="1" time="0.444" timestamp="2013-03-14T16:27:16">
  <properties />
  <testcase classname="team08.EmployeeTests" name="testSomething" time="0.294">
    <failure message="junit.framework.AssertionFailedError: Implement me" type="junit.framework.AssertionFailedError">junit.framework.AssertionFailedError: junit.framework.AssertionFailedError: Implement me
	at team08.EmployeeTests.testSomething(EmployeeTests.groovy:15)
</failure>
  </testcase>
  <system-out><![CDATA[--Output from testSomething--
]]></system-out>
  <system-err><![CDATA[--Output from testSomething--
]]></system-err>
</testsuite>
