<?xml version="1.0" encoding="UTF-8" ?>
<testsuite errors="0" failures="1" hostname="ialohaaha-Aspire-5750G" name="team08.TimeWorkTests" tests="1" time="0.384" timestamp="2013-03-14T16:27:17">
  <properties />
  <testcase classname="team08.TimeWorkTests" name="testSomething" time="0.232">
    <failure message="junit.framework.AssertionFailedError: Implement me" type="junit.framework.AssertionFailedError">junit.framework.AssertionFailedError: junit.framework.AssertionFailedError: Implement me
	at team08.TimeWorkTests.testSomething(TimeWorkTests.groovy:15)
</failure>
  </testcase>
  <system-out><![CDATA[--Output from testSomething--
]]></system-out>
  <system-err><![CDATA[--Output from testSomething--
]]></system-err>
</testsuite>
