<?xml version="1.0" encoding="UTF-8" ?>
<testsuite errors="1" failures="0" hostname="ialohaaha-Aspire-5750G" name="team08.MonyServiceTests" tests="1" time="0.146" timestamp="2013-03-14T16:27:15">
  <properties />
  <testcase classname="team08.MonyServiceTests" name="testSomething" time="0.044">
    <error message="Cannot add Service class [class team08.MonyService]. It is not a Service!" type="org.codehaus.groovy.grails.exceptions.GrailsConfigurationException">org.codehaus.groovy.grails.exceptions.GrailsConfigurationException: Cannot add Service class [class team08.MonyService]. It is not a Service!
	at grails.test.mixin.services.ServiceUnitTestMixin.mockService(ServiceUnitTestMixin.groovy:46)
</error>
  </testcase>
  <system-out><![CDATA[--Output from testSomething--
]]></system-out>
  <system-err><![CDATA[--Output from testSomething--
]]></system-err>
</testsuite>
